 
****************************************
Report : constraint
        -all_violators
Design : SYS_TOP
Version: K-2015.06
Date   : Sun May 15 17:27:23 2022
****************************************


   max_transition

                             Required        Actual
   Net                      Transition     Transition        Slack
   -----------------------------------------------------------------
   UART_TX_O                    1.50          37.46         -35.96  (VIOLATED)
       PIN :   U11/Y            1.50          37.46         -35.96  (VIOLATED)

   -----------------------------------------------------------------
   Total                      1                 -35.96  

   max_capacitance

                             Required        Actual
   Net                      Capacitance    Capacitance       Slack
   -----------------------------------------------------------------
   UART_TX_O                    3.69          75.03         -71.34  (VIOLATED)

   -----------------------------------------------------------------
   Total                      1                 -71.34  

1
